<?xml version="1.0" encoding="UTF-8"?>
<!-- Generated by org.testng.reporters.JUnitReportReporter -->
<testsuite name="com.Learnutomation.TestCases.LoginTestCRM" tests="1" time="12.844" ignored="0" failures="0" timestamp="20 May 2019 14:44:04 GMT" skipped="0" hostname="DESKTOP-NOIS1MT" errors="0">
  <testcase name="LoginAPP" time="12.844" classname="com.Learnutomation.TestCases.LoginTestCRM"/>
</testsuite> <!-- com.Learnutomation.TestCases.LoginTestCRM -->
